Determining if the _M_AMD64 exist failed with the following output:
Change Dir: C:/Users/t-chschi/Documents/azure-iot-sdk-c-pnp/cmake/CMakeFiles/CMakeTmp

Run Build Command(s):C:/Program Files (x86)/Microsoft Visual Studio/2017/Enterprise/MSBuild/15.0/Bin/MSBuild.exe cmTC_9af78.vcxproj /p:Configuration=Debug /p:Platform=Win32 /p:VisualStudioVersion=15.0 /v:m && Microsoft (R) Build Engine version 15.9.21+g9802d43bc3 for .NET Framework
Copyright (C) Microsoft Corporation. All rights reserved.

  Microsoft (R) C/C++ Optimizing Compiler Version 19.16.27032.1 for x86
  Copyright (C) Microsoft Corporation.  All rights reserved.
  
  cl /c /I"C:\Users\t-chschi\Documents\vcpkg_new\installed\x86-windows\include" /Zi /W4 /WX- /diagnostics:classic /Od /Ob0 /Oy- /D WIN32 /D _WINDOWS /D "CMAKE_INTDIR=\"Debug\"" /D _MBCS /Gm- /RTC1 /MDd /GS /fp:precise /Zc:wchar_t /Zc:forScope /Zc:inline /Fo"cmTC_9af78.dir\Debug\\" /Fd"cmTC_9af78.dir\Debug\vc141.pdb" /Gd /TC /wd4232 /analyze- /errorReport:queue "C:\Users\t-chschi\Documents\azure-iot-sdk-c-pnp\cmake\CMakeFiles\CMakeTmp\CheckSymbolExists.c"
  CheckSymbolExists.c
  
C:\Users\t-chschi\Documents\azure-iot-sdk-c-pnp\cmake\CMakeFiles\CMakeTmp\CheckSymbolExists.c(7): error C2065: '_M_AMD64': undeclared identifier [C:\Users\t-chschi\Documents\azure-iot-sdk-c-pnp\cmake\CMakeFiles\CMakeTmp\cmTC_9af78.vcxproj]


File C:/Users/t-chschi/Documents/azure-iot-sdk-c-pnp/cmake/CMakeFiles/CMakeTmp/CheckSymbolExists.c:
/* */

int main(int argc, char** argv)
{
  (void)argv;
#ifndef _M_AMD64
  return ((int*)(&_M_AMD64))[argc];
#else
  (void)argc;
  return 0;
#endif
}

